Command line:
   T_UPDOWN_CNT2_isim_beh.exe
     -simmode  gui
     -simrunnum  0
     -socket  34194

Sat May 12 17:24:12 2018


 Elaboration Time: 0.02 sec

 Current Memory Usage: 196.039 Meg

 Total Signals          : 61
 Total Nets             : 29
 Total Signal Drivers   : 23
 Total Blocks           : 13
 Total Primitive Blocks : 11
 Total Processes        : 32
 Total Traceable Variables  : 25
 Total Scalar Nets and Variables : 147
Total Line Count : 41

 Total Simulation Time: 0.03 sec

 Current Memory Usage: 271.54 Meg

Sat May 12 17:29:01 2018

