Running: /opt/Xilinx/14.7/ISE_DS/ISE/bin/lin64/unwrapped/fuse -intstyle ise -incremental -lib unisims_ver -lib unimacro_ver -lib xilinxcorelib_ver -lib secureip -o /home/udagawa/projects/FPGA/ISE/MAJORITY/MAJORITY/T_MAJORITY_isim_beh.exe -prj /home/udagawa/projects/FPGA/ISE/MAJORITY/MAJORITY/T_MAJORITY_beh.prj work.T_MAJORITY work.glbl 
ISim P.20131013 (signature 0xfbc00daa)
Number of CPUs detected in this system: 2
Turning on mult-threading, number of parallel sub-compilation jobs: 4 
Determining compilation order of HDL files
Analyzing Verilog file "/home/udagawa/projects/FPGA/ISE/MAJORITY/MAJORITY/MAJORITY.vf" into library work
Analyzing Verilog file "/home/udagawa/projects/FPGA/ISE/MAJORITY/MAJORITY/../../majority/T_MAJORITY.v" into library work
Analyzing Verilog file "/opt/Xilinx/14.7/ISE_DS/ISE//verilog/src/glbl.v" into library work
Starting static elaboration
Completed static elaboration
Fuse Memory Usage: 94676 KB
Fuse CPU Usage: 1780 ms
Compiling module NAND2
Compiling module MAJORITY
Compiling module T_MAJORITY
Compiling module glbl
Time Resolution for simulation is 1ps.
Waiting for 5 sub-compilation(s) to finish...
Compiled 4 Verilog Units
Built simulation executable /home/udagawa/projects/FPGA/ISE/MAJORITY/MAJORITY/T_MAJORITY_isim_beh.exe
Fuse Memory Usage: 392704 KB
Fuse CPU Usage: 1790 ms
GCC CPU Usage: 330 ms
