--------------------------------------------------------------------------------
Release 14.7 Trace  (lin64)
Copyright (c) 1995-2013 Xilinx, Inc.  All rights reserved.

/opt/Xilinx/14.7/ISE_DS/ISE/bin/lin64/unwrapped/trce -intstyle ise -v 3 -s 3 -n
3 -fastpaths -xml ROT_7SEG.twx ROT_7SEG.ncd -o ROT_7SEG.twr ROT_7SEG.pcf

Design file:              ROT_7SEG.ncd
Physical constraint file: ROT_7SEG.pcf
Device,package,speed:     xc6slx4,cpg196,C,-3 (PRODUCTION 1.23 2013-10-13)
Report level:             verbose report

Environment Variable      Effect 
--------------------      ------ 
NONE                      No environment variables were set
--------------------------------------------------------------------------------

INFO:Timing:2698 - No timing constraints found, doing default enumeration.
INFO:Timing:3412 - To improve timing, see the Timing Closure User Guide (UG612).
INFO:Timing:2752 - To get complete path coverage, use the unconstrained paths 
   option. All paths that are not constrained will be reported in the 
   unconstrained paths section(s) of the report.
INFO:Timing:3339 - The clock-to-out numbers in this timing report are based on 
   a 50 Ohm transmission line loading model.  For the details of this model, 
   and for more information on accounting for different loading conditions, 
   please see the device datasheet.



Data Sheet report:
-----------------
All values displayed in nanoseconds (ns)

Pad to Pad
---------------+---------------+---------+
Source Pad     |Destination Pad|  Delay  |
---------------+---------------+---------+
R0             |A              |    6.364|
R0             |B              |    6.820|
R0             |C              |    7.303|
R0             |D              |    6.332|
R0             |E              |    7.244|
R0             |F              |    6.503|
R0             |G              |    6.833|
R1             |A              |    6.713|
R1             |B              |    7.169|
R1             |C              |    7.652|
R1             |D              |    6.681|
R1             |E              |    7.593|
R1             |F              |    6.852|
R1             |G              |    7.182|
R2             |A              |    6.848|
R2             |B              |    7.304|
R2             |C              |    7.787|
R2             |D              |    6.816|
R2             |E              |    7.728|
R2             |F              |    6.987|
R2             |G              |    7.317|
R3             |A              |    6.947|
R3             |B              |    7.403|
R3             |C              |    7.886|
R3             |D              |    6.915|
R3             |E              |    7.827|
R3             |F              |    7.086|
R3             |G              |    7.416|
---------------+---------------+---------+


Analysis completed Sat Apr 28 10:50:06 2018 
--------------------------------------------------------------------------------

Trace Settings:
-------------------------
Trace Settings 

Peak Memory Usage: 375 MB



