Release 14.7 - xst P.20131013 (lin64)
Copyright (c) 1995-2013 Xilinx, Inc.  All rights reserved.
--> 
Parameter TMPDIR set to xst/projnav.tmp


Total REAL time to Xst completion: 0.00 secs
Total CPU time to Xst completion: 0.09 secs
 
--> 
Parameter xsthdpdir set to xst


Total REAL time to Xst completion: 0.00 secs
Total CPU time to Xst completion: 0.09 secs
 
--> 
Reading design: T_ROT_7SEG.prj

TABLE OF CONTENTS
  1) Synthesis Options Summary
  2) HDL Parsing
  3) HDL Elaboration
  4) HDL Synthesis
       4.1) HDL Synthesis Report
  5) Advanced HDL Synthesis
       5.1) Advanced HDL Synthesis Report
  6) Low Level Synthesis
  7) Partition Report
  8) Design Summary
       8.1) Primitive and Black Box Usage
       8.2) Device utilization summary
       8.3) Partition Resource Summary
       8.4) Timing Report
            8.4.1) Clock Information
            8.4.2) Asynchronous Control Signals Information
            8.4.3) Timing Summary
            8.4.4) Timing Details
            8.4.5) Cross Clock Domains Report


=========================================================================
*                      Synthesis Options Summary                        *
=========================================================================
---- Source Parameters
Input File Name                    : "T_ROT_7SEG.prj"
Ignore Synthesis Constraint File   : NO

---- Target Parameters
Output File Name                   : "T_ROT_7SEG"
Output Format                      : NGC
Target Device                      : xc6slx4-3-cpg196

---- Source Options
Top Module Name                    : T_ROT_7SEG
Automatic FSM Extraction           : YES
FSM Encoding Algorithm             : Auto
Safe Implementation                : No
FSM Style                          : LUT
RAM Extraction                     : Yes
RAM Style                          : Auto
ROM Extraction                     : Yes
Shift Register Extraction          : YES
ROM Style                          : Auto
Resource Sharing                   : YES
Asynchronous To Synchronous        : NO
Shift Register Minimum Size        : 2
Use DSP Block                      : Auto
Automatic Register Balancing       : No

---- Target Options
LUT Combining                      : Auto
Reduce Control Sets                : Auto
Add IO Buffers                     : YES
Global Maximum Fanout              : 100000
Add Generic Clock Buffer(BUFG)     : 16
Register Duplication               : YES
Optimize Instantiated Primitives   : NO
Use Clock Enable                   : Auto
Use Synchronous Set                : Auto
Use Synchronous Reset              : Auto
Pack IO Registers into IOBs        : Auto
Equivalent register Removal        : YES

---- General Options
Optimization Goal                  : Speed
Optimization Effort                : 1
Power Reduction                    : NO
Keep Hierarchy                     : No
Netlist Hierarchy                  : As_Optimized
RTL Output                         : Yes
Global Optimization                : AllClockNets
Read Cores                         : YES
Write Timing Constraints           : NO
Cross Clock Analysis               : NO
Hierarchy Separator                : /
Bus Delimiter                      : <>
Case Specifier                     : Maintain
Slice Utilization Ratio            : 100
BRAM Utilization Ratio             : 100
DSP48 Utilization Ratio            : 100
Auto BRAM Packing                  : NO
Slice Utilization Ratio Delta      : 5

=========================================================================


=========================================================================
*                          HDL Parsing                                  *
=========================================================================
Analyzing Verilog file "/home/udagawa/projects/FPGA/ROT_7SEG/ROT_7SEG.vf" into library work
Parsing module <ROT_7SEG>.
Analyzing Verilog file "/home/udagawa/projects/FPGA/ROT_7SEG/T_ROT_7SEG.v" into library work
Parsing module <T_ROT_7SEG>.

=========================================================================
*                            HDL Elaboration                            *
=========================================================================

Elaborating module <T_ROT_7SEG>.
WARNING:HDLCompiler:413 - "/home/udagawa/projects/FPGA/ROT_7SEG/T_ROT_7SEG.v" Line 20: Result of 5-bit expression is truncated to fit in 4-bit target.
WARNING:HDLCompiler:817 - "/home/udagawa/projects/FPGA/ROT_7SEG/T_ROT_7SEG.v" Line 23: System task stop ignored for synthesis
WARNING:HDLCompiler:872 - "/home/udagawa/projects/FPGA/ROT_7SEG/T_ROT_7SEG.v" Line 16: Using initial value of DECIN since it is never assigned

Elaborating module <ROT_7SEG>.

Elaborating module <XOR2>.

Elaborating module <OR2>.

Elaborating module <BUF>.

Elaborating module <VCC>.

Elaborating module <INV>.
"/home/udagawa/projects/FPGA/ROT_7SEG/T_ROT_7SEG.v" Line 99. $display Rotary SW is 15
"/home/udagawa/projects/FPGA/ROT_7SEG/T_ROT_7SEG.v" Line 100. $display 
"/home/udagawa/projects/FPGA/ROT_7SEG/T_ROT_7SEG.v" Line 101. $display     
"/home/udagawa/projects/FPGA/ROT_7SEG/T_ROT_7SEG.v" Line 102. $display        
"/home/udagawa/projects/FPGA/ROT_7SEG/T_ROT_7SEG.v" Line 103. $display     
"/home/udagawa/projects/FPGA/ROT_7SEG/T_ROT_7SEG.v" Line 104. $display        
"/home/udagawa/projects/FPGA/ROT_7SEG/T_ROT_7SEG.v" Line 105. $display       
"/home/udagawa/projects/FPGA/ROT_7SEG/T_ROT_7SEG.v" Line 106. $display 
WARNING:HDLCompiler:1127 - "/home/udagawa/projects/FPGA/ROT_7SEG/T_ROT_7SEG.v" Line 26: Assignment to A_DIS ignored, since the identifier is never used

=========================================================================
*                           HDL Synthesis                               *
=========================================================================

Synthesizing Unit <T_ROT_7SEG>.
    Related source file is "/home/udagawa/projects/FPGA/ROT_7SEG/T_ROT_7SEG.v".
        CYCLE = 100
        TURN_ON = 1'b0
        TURN_OFF = 1'b1
INFO:Xst:3210 - "/home/udagawa/projects/FPGA/ROT_7SEG/T_ROT_7SEG.v" line 12: Output port <A> of the instance <i0> is unconnected or connected to loadless signal.
INFO:Xst:3210 - "/home/udagawa/projects/FPGA/ROT_7SEG/T_ROT_7SEG.v" line 12: Output port <B> of the instance <i0> is unconnected or connected to loadless signal.
INFO:Xst:3210 - "/home/udagawa/projects/FPGA/ROT_7SEG/T_ROT_7SEG.v" line 12: Output port <C> of the instance <i0> is unconnected or connected to loadless signal.
INFO:Xst:3210 - "/home/udagawa/projects/FPGA/ROT_7SEG/T_ROT_7SEG.v" line 12: Output port <D> of the instance <i0> is unconnected or connected to loadless signal.
INFO:Xst:3210 - "/home/udagawa/projects/FPGA/ROT_7SEG/T_ROT_7SEG.v" line 12: Output port <Dp> of the instance <i0> is unconnected or connected to loadless signal.
INFO:Xst:3210 - "/home/udagawa/projects/FPGA/ROT_7SEG/T_ROT_7SEG.v" line 12: Output port <E> of the instance <i0> is unconnected or connected to loadless signal.
INFO:Xst:3210 - "/home/udagawa/projects/FPGA/ROT_7SEG/T_ROT_7SEG.v" line 12: Output port <F> of the instance <i0> is unconnected or connected to loadless signal.
INFO:Xst:3210 - "/home/udagawa/projects/FPGA/ROT_7SEG/T_ROT_7SEG.v" line 12: Output port <G> of the instance <i0> is unconnected or connected to loadless signal.
    Summary:
	no macro.
Unit <T_ROT_7SEG> synthesized.

Synthesizing Unit <ROT_7SEG>.
    Related source file is "/home/udagawa/projects/FPGA/ROT_7SEG/ROT_7SEG.vf".
    Summary:
	no macro.
Unit <ROT_7SEG> synthesized.

=========================================================================
HDL Synthesis Report

Found no macro
=========================================================================

=========================================================================
*                       Advanced HDL Synthesis                          *
=========================================================================

WARNING:Xst:1290 - Hierarchical block <i0> is unconnected in block <T_ROT_7SEG>.
   It will be removed from the design.

=========================================================================
Advanced HDL Synthesis Report

Found no macro
=========================================================================

=========================================================================
*                         Low Level Synthesis                           *
=========================================================================

Optimizing unit <T_ROT_7SEG> ...

Optimizing unit <ROT_7SEG> ...

Mapping all equations...
Building and optimizing final netlist ...
Found area constraint ratio of 100 (+ 5) on block T_ROT_7SEG, actual ratio is 0.

Final Macro Processing ...

=========================================================================
Final Register Report

Found no macro
=========================================================================

=========================================================================
*                           Partition Report                            *
=========================================================================

Partition Implementation Status
-------------------------------

  No Partitions were found in this design.

-------------------------------

=========================================================================
*                            Design Summary                             *
=========================================================================

Top Level Output File Name         : T_ROT_7SEG.ngc

Primitive and Black Box Usage:
------------------------------
# BELS                             : 19
#      BUF                         : 2
#      INV                         : 5
#      OR2                         : 9
#      VCC                         : 1
#      XOR2                        : 2

Device utilization summary:
---------------------------

Selected Device : 6slx4cpg196-3 


Slice Logic Utilization: 
 Number of Slice LUTs:                    5  out of   2400     0%  
    Number used as Logic:                 5  out of   2400     0%  

Slice Logic Distribution: 
 Number of LUT Flip Flop pairs used:      5
   Number with an unused Flip Flop:       5  out of      5   100%  
   Number with an unused LUT:             0  out of      5     0%  
   Number of fully used LUT-FF pairs:     0  out of      5     0%  
   Number of unique control sets:         0

IO Utilization: 
 Number of IOs:                           0
 Number of bonded IOBs:                   0  out of    106     0%  

Specific Feature Utilization:

---------------------------
Partition Resource Summary:
---------------------------

  No Partitions were found in this design.

---------------------------


=========================================================================
Timing Report

NOTE: THESE TIMING NUMBERS ARE ONLY A SYNTHESIS ESTIMATE.
      FOR ACCURATE TIMING INFORMATION PLEASE REFER TO THE TRACE REPORT
      GENERATED AFTER PLACE-and-ROUTE.

Clock Information:
------------------
No clock signals found in this design

Asynchronous Control Signals Information:
----------------------------------------
No asynchronous control signals found in this design

Timing Summary:
---------------
Speed Grade: -3

   Minimum period: No path found
   Minimum input arrival time before clock: No path found
   Maximum output required time after clock: No path found
   Maximum combinational path delay: No path found

Timing Details:
---------------
All values displayed in nanoseconds (ns)

=========================================================================

Cross Clock Domains Report:
--------------------------

=========================================================================


Total REAL time to Xst completion: 10.00 secs
Total CPU time to Xst completion: 8.53 secs
 
--> 


Total memory usage is 375272 kilobytes

Number of errors   :    0 (   0 filtered)
Number of warnings :    5 (   0 filtered)
Number of infos    :    8 (   0 filtered)

