Command line:
   T_CNT_isim_beh.exe
     -simmode  gui
     -simrunnum  0
     -socket  50706

Sun May 20 21:01:15 2018


 Elaboration Time: 0.03 sec

 Current Memory Usage: 196.035 Meg

 Total Signals          : 50
 Total Nets             : 25
 Total Signal Drivers   : 19
 Total Blocks           : 12
 Total Primitive Blocks : 10
 Total Processes        : 28
 Total Traceable Variables  : 24
 Total Scalar Nets and Variables : 142
Total Line Count : 38

 Total Simulation Time: 0.03 sec

 Current Memory Usage: 271.536 Meg

Sun May 20 21:01:52 2018

