Command line:
   T_MAJORITY_isim_beh.exe
     -simmode  gui
     -simrunnum  0
     -socket  54047

Sat May 19 11:46:36 2018


 Elaboration Time: 0.02 sec

 Current Memory Usage: 196.035 Meg

 Total Signals          : 37
 Total Nets             : 21
 Total Signal Drivers   : 13
 Total Blocks           : 8
 Total Primitive Blocks : 6
 Total Processes        : 15
 Total Traceable Variables  : 21
 Total Scalar Nets and Variables : 168
Total Line Count : 21

 Total Simulation Time: 0.02 sec

 Current Memory Usage: 271.536 Meg

Sat May 19 11:49:58 2018

