Running: /opt/Xilinx/14.7/ISE_DS/ISE/bin/lin64/unwrapped/fuse -intstyle ise -incremental -lib unisims_ver -lib unimacro_ver -lib xilinxcorelib_ver -lib secureip -o /home/udagawa/projects/FPGA/ISE/CNT2/T_CNT_isim_beh.exe -prj /home/udagawa/projects/FPGA/ISE/CNT2/T_CNT_beh.prj work.T_CNT work.glbl 
ISim P.20131013 (signature 0xfbc00daa)
Number of CPUs detected in this system: 2
Turning on mult-threading, number of parallel sub-compilation jobs: 4 
Determining compilation order of HDL files
Analyzing Verilog file "/home/udagawa/projects/FPGA/ISE/CNT2/CNT2.vf" into library work
Analyzing Verilog file "/home/udagawa/projects/FPGA/ISE/CNT2/T_CNT2.v" into library work
Analyzing Verilog file "/opt/Xilinx/14.7/ISE_DS/ISE//verilog/src/glbl.v" into library work
Starting static elaboration
Completed static elaboration
Fuse Memory Usage: 94680 KB
Fuse CPU Usage: 1770 ms
Compiling module FD
Compiling module XOR2
Compiling module INV
Compiling module NAND2
Compiling module GND
Compiling module CNT2
Compiling module T_CNT
Compiling module glbl
Time Resolution for simulation is 1ps.
Waiting for 5 sub-compilation(s) to finish...
Compiled 8 Verilog Units
Built simulation executable /home/udagawa/projects/FPGA/ISE/CNT2/T_CNT_isim_beh.exe
Fuse Memory Usage: 392716 KB
Fuse CPU Usage: 1790 ms
GCC CPU Usage: 510 ms
